1562893893501	mozrunner::runner	INFO	Running command: "D:\\rj\\Mozilla Firefox\\firefox.exe" "-marionette" "-foreground" "-no-remote" "-profile" "C:\\Users\\Administrator\\AppData\\Local\\Temp\\rust_mozprofile.4PoLwTs9jbDF"
1562893894765	addons.webextension.screenshots@mozilla.org	WARN	Loading extension 'screenshots@mozilla.org': Reading manifest: Invalid extension permission: mozillaAddons
1562893894766	addons.webextension.screenshots@mozilla.org	WARN	Loading extension 'screenshots@mozilla.org': Reading manifest: Invalid extension permission: resource://pdf.js/
1562893894766	addons.webextension.screenshots@mozilla.org	WARN	Loading extension 'screenshots@mozilla.org': Reading manifest: Invalid extension permission: about:reader*
1562893899413	Marionette	INFO	Listening on port 65275
1562893899863	Marionette	WARN	TLS certificate errors will be ignored for this session
1562893904612	Marionette	WARN	TimedPromise timed out after 0 ms: stacktrace:
bail@chrome://marionette/content/sync.js:223:64
1562893904876	Marionette	WARN	TimedPromise timed out after 0 ms: stacktrace:
bail@chrome://marionette/content/sync.js:223:64
1562893904881	Marionette	WARN	TimedPromise timed out after 0 ms: stacktrace:
bail@chrome://marionette/content/sync.js:223:64
1562893904883	Marionette	WARN	TimedPromise timed out after 0 ms: stacktrace:
bail@chrome://marionette/content/sync.js:223:64
1562893904885	Marionette	WARN	TimedPromise timed out after 0 ms: stacktrace:
bail@chrome://marionette/content/sync.js:223:64
1562893905427	Marionette	WARN	TimedPromise timed out after 500 ms: stacktrace:
bail@chrome://marionette/content/sync.js:223:64
openRemotePrompt@resource://gre/modules/Prompter.jsm:508:17
openPrompt@resource://gre/modules/Prompter.jsm:543:17
alert@resource://gre/modules/Prompter.jsm:615:14
onclick@http://47.92.220.226:8000/webdriver/webelements.html:1:1
event.synthesizeMouseAtPoint@chrome://marionette/content/event.js:202:14
webdriverClickElement@chrome://marionette/content/interaction.js:183:11
Marionette threw an error: TypeError: this.tabModal is null
get ui@chrome://marionette/content/modal.js:159:5
GeckoDriver.prototype._checkIfAlertIsPresent@chrome://marionette/content/driver.js:3250:23
GeckoDriver.prototype.acceptDialog@chrome://marionette/content/driver.js:3183:8
despatch@chrome://marionette/content/server.js:289:40
execute@chrome://marionette/content/server.js:262:16
onPacket/<@chrome://marionette/content/server.js:235:20
onPacket@chrome://marionette/content/server.js:236:9
_onJSONObjectReady/<@chrome://marionette/content/transport.js:492:20

[Parent 7300, Gecko_IOThread] WARNING: pipe error: 109: file z:/task_1560988636/build/src/ipc/chromium/src/chrome/common/ipc_channel_win.cc, line 341
[Parent 7300, Gecko_IOThread] WARNING: pipe error: 109: file z:/task_1560988636/build/src/ipc/chromium/src/chrome/common/ipc_channel_win.cc, line 341
[Child 157[Child 13688, Chrome_ChildThread] WARNING: [Parent 7300, Gecko_IOThread] WARNING: pipe error: 109: file z:/task_1560988636/build/src/ipc/chromium/src/chrome/common/ipc_channel_win.cc, line 341
1562893908799	Marionette	INFO	Stopped listening on port 65275

###!!! [Child][MessageChannel::SendAndWait] Error: Channel error: cannot send/recv

Error: Channel error: cannot send/recv

or: Channel error: cannot send/recv

